<?xml version="1.0" encoding="UTF-8" ?>
<testsuite tests="1" failures="0" name="com.pundlik.AppTest" time="0.007" errors="0" skipped="0">
  <properties>
    <property name="java.runtime.name" value="OpenJDK Runtime Environment"/>
    <property name="sun.boot.library.path" value="c:\Program Files\Java\java-se-8-ri\jre\bin"/>
    <property name="java.vm.version" value="25.40-b25"/>
    <property name="java.vm.vendor" value="Oracle Corporation"/>
    <property name="java.vendor.url" value="http://java.oracle.com/"/>
    <property name="path.separator" value=";"/>
    <property name="guice.disable.misplaced.annotation.check" value="true"/>
    <property name="java.vm.name" value="OpenJDK Client VM"/>
    <property name="file.encoding.pkg" value="sun.io"/>
    <property name="user.script" value=""/>
    <property name="user.country" value="US"/>
    <property name="sun.java.launcher" value="SUN_STANDARD"/>
    <property name="sun.os.patch.level" value=""/>
    <property name="java.vm.specification.name" value="Java Virtual Machine Specification"/>
    <property name="user.dir" value="c:\DDrive\Source\POC\rasberyPi\ServerCom"/>
    <property name="java.runtime.version" value="1.8.0_40-b25"/>
    <property name="java.awt.graphicsenv" value="sun.awt.Win32GraphicsEnvironment"/>
    <property name="java.endorsed.dirs" value="c:\Program Files\Java\java-se-8-ri\jre\lib\endorsed"/>
    <property name="os.arch" value="x86"/>
    <property name="java.io.tmpdir" value="C:\Users\sarafdar\AppData\Local\Temp\"/>
    <property name="line.separator" value="
"/>
    <property name="java.vm.specification.vendor" value="Oracle Corporation"/>
    <property name="user.variant" value=""/>
    <property name="os.name" value="Windows 8.1"/>
    <property name="classworlds.conf" value="c:/DDrive/soft/apache-maven-3.1.1/bin/m2.conf"/>
    <property name="sun.jnu.encoding" value="Cp1252"/>
    <property name="java.library.path" value="c:\Program Files\Java\java-se-8-ri\bin;C:\WINDOWS\Sun\Java\bin;C:\WINDOWS\system32;C:\WINDOWS;c:\Users\sarafdar\bin;.;C:\Program Files (x86)\Git\local\bin;C:\Program Files (x86)\Git\mingw\bin;C:\Program Files (x86)\Git\bin;C:\Program Files (x86)\Git\bin;c:\Oracle\Win32\product\11.2.0\client_2\bin;c:\Oracle\Win32\product\11.2.0\client_1\bin;c:\ProgramData\Oracle\Java\javapath;%JAVA_HOME%\bin;c:\Perl64\site\bin;c:\Perl64\bin;c:\WINDOWS;c:\WINDOWS\System32\Wbem;c:\WINDOWS\System32\WindowsPowerShell\v1.0\;c:\Program Files\TortoiseGit\bin;c:\Program Files\SourceGear\Common\DiffMerge\;c:\Program Files (x86)\MySQL\MySQL Utilities 1.3.6\;c:\WINDOWS\System32\WindowsPowerShell\v1.0\;c:\Windows\System32;c:\Program Files (x86)\ATI Technologies\ATI.ACE\Core-Static;c:\WINDOWS\system32;c:\Program Files\nodejs\;c:\Program Files (x86)\Yarn\bin;c:\ProgramData\Hewlett-Packard\PC COE\VSC\Drivers\;c:\DDrive\soft\apache-maven-3.1.1\bin\;c:\Program Files\Java\java-se-8-ri\bin;c:\Users\sarafdar\AppData\Local\Microsoft\WindowsApps;c:\Users\sarafdar\AppData\Roaming\npm;c:\Users\sarafdar\AppData\Local\Yarn\bin;.;."/>
    <property name="java.specification.name" value="Java Platform API Specification"/>
    <property name="java.class.version" value="52.0"/>
    <property name="sun.management.compiler" value="HotSpot Client Compiler"/>
    <property name="os.version" value="6.3"/>
    <property name="user.home" value="C:\Users\sarafdar"/>
    <property name="user.timezone" value="Asia/Calcutta"/>
    <property name="java.awt.printerjob" value="sun.awt.windows.WPrinterJob"/>
    <property name="java.specification.version" value="1.8"/>
    <property name="file.encoding" value="Cp1252"/>
    <property name="user.name" value="sarafdar"/>
    <property name="java.class.path" value="c:/DDrive/soft/apache-maven-3.1.1/boot/plexus-classworlds-2.5.1.jar"/>
    <property name="org.slf4j.simpleLogger.defaultLogLevel" value="info"/>
    <property name="java.vm.specification.version" value="1.8"/>
    <property name="sun.arch.data.model" value="32"/>
    <property name="java.home" value="c:\Program Files\Java\java-se-8-ri\jre"/>
    <property name="sun.java.command" value="org.codehaus.plexus.classworlds.launcher.Launcher clean package"/>
    <property name="java.specification.vendor" value="Oracle Corporation"/>
    <property name="user.language" value="en"/>
    <property name="awt.toolkit" value="sun.awt.windows.WToolkit"/>
    <property name="java.vm.info" value="mixed mode"/>
    <property name="java.version" value="1.8.0_40"/>
    <property name="java.ext.dirs" value="c:\Program Files\Java\java-se-8-ri\jre\lib\ext;C:\WINDOWS\Sun\Java\lib\ext"/>
    <property name="sun.boot.class.path" value="c:\Program Files\Java\java-se-8-ri\jre\lib\resources.jar;c:\Program Files\Java\java-se-8-ri\jre\lib\rt.jar;c:\Program Files\Java\java-se-8-ri\jre\lib\sunrsasign.jar;c:\Program Files\Java\java-se-8-ri\jre\lib\jsse.jar;c:\Program Files\Java\java-se-8-ri\jre\lib\jce.jar;c:\Program Files\Java\java-se-8-ri\jre\lib\charsets.jar;c:\Program Files\Java\java-se-8-ri\jre\lib\jfr.jar;c:\Program Files\Java\java-se-8-ri\jre\classes"/>
    <property name="sun.stderr.encoding" value="cp437"/>
    <property name="java.vendor" value="Oracle Corporation"/>
    <property name="maven.home" value="c:\DDrive\soft\apache-maven-3.1.1"/>
    <property name="file.separator" value="\"/>
    <property name="java.vendor.url.bug" value="http://bugreport.sun.com/bugreport/"/>
    <property name="sun.cpu.endian" value="little"/>
    <property name="sun.io.unicode.encoding" value="UnicodeLittle"/>
    <property name="sun.stdout.encoding" value="cp437"/>
    <property name="sun.desktop" value="windows"/>
    <property name="sun.cpu.isalist" value=""/>
  </properties>
  <testcase classname="com.pundlik.AppTest" name="testApp" time="0.007"/>
</testsuite>